INFO:pySOT.strategy.surrogate_strategy:=== Start ===
INFO:pySOT.strategy.surrogate_strategy:1 6.548e+10 @ [1.      0.55556 0.33333 0.77778]
INFO:pySOT.strategy.surrogate_strategy:2 6.548e+10 @ [0.88889 0.33333 0.88889 0.44444]
INFO:pySOT.strategy.surrogate_strategy:3 6.548e+10 @ [0.77778 0.88889 0.77778 0.11111]
INFO:pySOT.strategy.surrogate_strategy:4 6.548e+10 @ [0.66667 1.      0.      0.66667]
INFO:pySOT.strategy.surrogate_strategy:5 4.093e+10 @ [0.55556 0.22222 0.44444 0.     ]
INFO:pySOT.strategy.surrogate_strategy:6 6.548e+10 @ [0.44444 0.77778 0.55556 1.     ]
INFO:pySOT.strategy.surrogate_strategy:7 6.550e+10 @ [0.33333 0.      1.      0.33333]
INFO:pySOT.strategy.surrogate_strategy:8 6.548e+10 @ [0.22222 0.11111 0.22222 0.88889]
INFO:pySOT.strategy.surrogate_strategy:9 6.548e+10 @ [0.11111 0.66667 0.11111 0.55556]
INFO:pySOT.strategy.surrogate_strategy:10 6.551e+10 @ [0.      0.44444 0.66667 0.22222]
INFO:pySOT.strategy.surrogate_strategy:11 4.747e+10 @ [0.74231 0.10739 0.0457  0.00042]
INFO:pySOT.strategy.surrogate_strategy:12 4.078e+10 @ [0.55556 0.07683 0.44444 0.     ]
INFO:pySOT.strategy.surrogate_strategy:13 4.081e+10 @ [0.59017 0.14298 0.44444 0.     ]
INFO:pySOT.strategy.surrogate_strategy:14 4.110e+10 @ [0.55556 0.16566 0.39075 0.     ]
INFO:pySOT.strategy.surrogate_strategy:15 4.075e+10 @ [0.55556 0.08327 0.46852 0.     ]
INFO:pySOT.strategy.surrogate_strategy:16 4.097e+10 @ [0.55556 0.1231  0.46852 0.     ]
INFO:pySOT.strategy.surrogate_strategy:17 4.084e+10 @ [0.64138 0.08327 0.46852 0.     ]
INFO:pySOT.strategy.surrogate_strategy:18 4.187e+10 @ [0.55556 0.01665 0.46852 0.     ]
INFO:pySOT.strategy.surrogate_strategy:19 4.085e+10 @ [0.59371 0.08327 0.45366 0.     ]
INFO:pySOT.strategy.surrogate_strategy:20 4.097e+10 @ [0.55556 0.08774 0.45968 0.     ]
